<?xml version="1.0" encoding="UTF-8"?>
<testng-results skipped="0" failed="0" ignored="0" total="1" passed="1">
  <reporter-output>
  </reporter-output>
  <suite name="Default suite" duration-ms="38580" started-at="2017-02-09T03:43:16Z" finished-at="2017-02-09T03:43:54Z">
    <groups>
    </groups>
    <test name="Default test" duration-ms="38580" started-at="2017-02-09T03:43:16Z" finished-at="2017-02-09T03:43:54Z">
      <class name="com.slack.SlackFrontEnd">
        <test-method status="PASS" signature="slack()[pri:0, instance:com.slack.SlackFrontEnd@20e2cbe0]" name="slack" duration-ms="38559" started-at="2017-02-08T19:43:16Z" finished-at="2017-02-08T19:43:54Z">
          <reporter-output>
          </reporter-output>
        </test-method> <!-- slack -->
      </class> <!-- com.slack.SlackFrontEnd -->
    </test> <!-- Default test -->
  </suite> <!-- Default suite -->
</testng-results>
